<?xml version="1.0" encoding="UTF-8"?>
<!-- Generated by org.testng.reporters.JUnitXMLReporter -->
<testsuite ignored="0" hostname="LAPTOP-I0DQ47E8" failures="0" tests="3" name="Default test" time="9.217" errors="0" timestamp="2024-01-30T17:55:40 IST">
  <testcase classname="com.tutorialsninja.qa.testcases.Search" name="verifySearchWithValidProduct" time="0.757"/>
  <testcase classname="com.tutorialsninja.qa.testcases.Search" name="verifySearchWithNonExistingProduct" time="0.661"/>
  <testcase classname="com.tutorialsninja.qa.testcases.Search" name="verifyingSearchWithoutProvidingName" time="0.626"/>
</testsuite> <!-- Default test -->
